2022-07-15 09:48:15 INFO  Log:10 - =====================================--LOGIN TEST-- TEST START=========================================
2022-07-15 09:48:18 INFO  Log:21 - User is going to click signin
2022-07-15 09:48:22 INFO  Log:10 - =====================================--LOGIN TEST-- TEST START=========================================
2022-07-15 09:48:25 INFO  Log:21 - User is going to click signin
2022-07-15 09:48:52 INFO  Log:10 - =====================================--LOGIN TEST-- TEST START=========================================
2022-07-15 09:48:55 INFO  Log:21 - User is going to click signin
2022-07-15 09:49:11 INFO  Log:10 - =====================================--LOGIN TEST-- TEST START=========================================
2022-07-15 09:49:14 INFO  Log:21 - User is going to click signin
2022-07-15 09:49:18 INFO  Log:10 - =====================================--LOGIN TEST-- TEST START=========================================
2022-07-15 09:49:21 INFO  Log:21 - User is going to click signin
2022-07-15 09:49:47 INFO  Log:10 - =====================================--LOGIN TEST-- TEST START=========================================
2022-07-15 09:49:50 INFO  Log:21 - User is going to click signin
2022-07-15 09:50:06 INFO  Log:10 - =====================================--LOGIN TEST-- TEST START=========================================
2022-07-15 09:50:09 INFO  Log:21 - User is going to click signin
2022-07-15 09:50:13 INFO  Log:10 - =====================================--LOGIN TEST-- TEST START=========================================
2022-07-15 09:50:16 INFO  Log:21 - User is going to click signin
2022-07-15 09:50:43 INFO  Log:10 - =====================================--LOGIN TEST-- TEST START=========================================
2022-07-15 09:50:46 INFO  Log:21 - User is going to click signin
2022-07-15 09:51:01 INFO  Log:10 - =====================================--LOGIN TEST-- TEST START=========================================
2022-07-15 09:51:04 INFO  Log:21 - User is going to click signin
2022-07-15 09:51:08 INFO  Log:10 - =====================================--LOGIN TEST-- TEST START=========================================
2022-07-15 09:51:11 INFO  Log:21 - User is going to click signin
2022-07-15 09:51:38 INFO  Log:10 - =====================================--LOGIN TEST-- TEST START=========================================
2022-07-15 09:51:41 INFO  Log:21 - User is going to click signin
2022-07-15 10:27:30 INFO  Log:10 - =====================================--LOGIN TEST-- TEST START=========================================
2022-07-15 10:27:33 INFO  Log:21 - User is going to click signin
2022-07-15 10:28:25 INFO  Log:10 - =====================================--LOGIN TEST-- TEST START=========================================
2022-07-15 10:28:28 INFO  Log:21 - User is going to click signin
2022-07-15 10:29:12 INFO  Log:10 - =====================================--LOGIN TEST-- TEST START=========================================
2022-07-15 10:29:15 INFO  Log:21 - User is going to click signin
2022-07-15 10:29:38 INFO  Log:10 - =====================================--LOGIN TEST-- TEST START=========================================
2022-07-15 10:29:41 INFO  Log:21 - User is going to click signin
2022-07-15 10:33:26 INFO  Log:10 - =====================================--LOGIN TEST-- TEST START=========================================
2022-07-15 10:33:30 INFO  Log:21 - User is going to click signin
2022-07-15 10:33:36 INFO  Log:10 - =====================================--LOGIN TEST-- TEST START=========================================
2022-07-15 10:33:39 INFO  Log:21 - User is going to click signin
2022-07-15 10:34:06 INFO  Log:10 - =====================================--LOGIN TEST-- TEST START=========================================
2022-07-15 10:34:09 INFO  Log:21 - User is going to click signin
2022-07-15 10:34:25 INFO  Log:10 - =====================================--LOGIN TEST-- TEST START=========================================
2022-07-15 10:34:28 INFO  Log:21 - User is going to click signin
2022-07-15 12:57:38 INFO  Log:10 - =====================================--LOGIN TEST-- TEST START=========================================
2022-07-15 12:57:41 INFO  Log:21 - User is going to click signin
2022-07-15 12:58:00 INFO  Log:10 - =====================================--LOGIN TEST-- TEST START=========================================
2022-07-15 12:58:03 INFO  Log:21 - User is going to click signin
2022-07-15 21:43:47 DEBUG cache:45 - Couldn't find template in cache for "index.ftl"("en", UTF-8, parsed); will try to load it.
2022-07-15 21:43:47 DEBUG cache:45 - TemplateLoader.findTemplateSource("index_en.ftl"): Not found
2022-07-15 21:43:47 DEBUG cache:45 - TemplateLoader.findTemplateSource("index.ftl"): Found
2022-07-15 21:43:47 DEBUG cache:45 - Loading template for "index.ftl"("en", UTF-8, parsed) from "jar:file:/C:/Users/1274/.m2/repository/com/aventstack/extentreports/3.1.5/extentreports-3.1.5.jar!/com/aventstack/extentreports/view/html-report/index.ftl"
2022-07-15 21:43:47 DEBUG cache:45 - Couldn't find template in cache for "head.ftl"("en", UTF-8, parsed); will try to load it.
2022-07-15 21:43:47 DEBUG cache:45 - TemplateLoader.findTemplateSource("head_en.ftl"): Not found
2022-07-15 21:43:47 DEBUG cache:45 - TemplateLoader.findTemplateSource("head.ftl"): Found
2022-07-15 21:43:47 DEBUG cache:45 - Loading template for "head.ftl"("en", UTF-8, parsed) from "jar:file:/C:/Users/1274/.m2/repository/com/aventstack/extentreports/3.1.5/extentreports-3.1.5.jar!/com/aventstack/extentreports/view/html-report/head.ftl"
2022-07-15 21:43:47 DEBUG cache:45 - Couldn't find template in cache for "nav.ftl"("en", UTF-8, parsed); will try to load it.
2022-07-15 21:43:47 DEBUG cache:45 - TemplateLoader.findTemplateSource("nav_en.ftl"): Not found
2022-07-15 21:43:47 DEBUG cache:45 - TemplateLoader.findTemplateSource("nav.ftl"): Found
2022-07-15 21:43:47 DEBUG cache:45 - Loading template for "nav.ftl"("en", UTF-8, parsed) from "jar:file:/C:/Users/1274/.m2/repository/com/aventstack/extentreports/3.1.5/extentreports-3.1.5.jar!/com/aventstack/extentreports/view/html-report/nav.ftl"
2022-07-15 21:43:47 DEBUG cache:45 - Couldn't find template in cache for "test-view/test-view.ftl"("en", UTF-8, parsed); will try to load it.
2022-07-15 21:43:47 DEBUG cache:45 - TemplateLoader.findTemplateSource("test-view/test-view_en.ftl"): Not found
2022-07-15 21:43:47 DEBUG cache:45 - TemplateLoader.findTemplateSource("test-view/test-view.ftl"): Found
2022-07-15 21:43:47 DEBUG cache:45 - Loading template for "test-view/test-view.ftl"("en", UTF-8, parsed) from "jar:file:/C:/Users/1274/.m2/repository/com/aventstack/extentreports/3.1.5/extentreports-3.1.5.jar!/com/aventstack/extentreports/view/html-report/test-view/test-view.ftl"
2022-07-15 21:43:47 DEBUG cache:45 - Couldn't find template in cache for "test-view/test-view-charts.ftl"("en", UTF-8, parsed); will try to load it.
2022-07-15 21:43:47 DEBUG cache:45 - TemplateLoader.findTemplateSource("test-view/test-view-charts_en.ftl"): Not found
2022-07-15 21:43:47 DEBUG cache:45 - TemplateLoader.findTemplateSource("test-view/test-view-charts.ftl"): Found
2022-07-15 21:43:47 DEBUG cache:45 - Loading template for "test-view/test-view-charts.ftl"("en", UTF-8, parsed) from "jar:file:/C:/Users/1274/.m2/repository/com/aventstack/extentreports/3.1.5/extentreports-3.1.5.jar!/com/aventstack/extentreports/view/html-report/test-view/test-view-charts.ftl"
2022-07-15 21:43:47 DEBUG cache:45 - Couldn't find template in cache for "test-view/standard.ftl"("en", UTF-8, parsed); will try to load it.
2022-07-15 21:43:47 DEBUG cache:45 - TemplateLoader.findTemplateSource("test-view/standard_en.ftl"): Not found
2022-07-15 21:43:47 DEBUG cache:45 - TemplateLoader.findTemplateSource("test-view/standard.ftl"): Found
2022-07-15 21:43:47 DEBUG cache:45 - Loading template for "test-view/standard.ftl"("en", UTF-8, parsed) from "jar:file:/C:/Users/1274/.m2/repository/com/aventstack/extentreports/3.1.5/extentreports-3.1.5.jar!/com/aventstack/extentreports/view/html-report/test-view/standard.ftl"
2022-07-15 21:43:47 DEBUG cache:45 - "test-view/standard.ftl"("en", UTF-8, parsed) cached copy not yet stale; using cached.
2022-07-15 21:43:47 DEBUG cache:45 - Couldn't find template in cache for "category-view/category-view.ftl"("en", UTF-8, parsed); will try to load it.
2022-07-15 21:43:47 DEBUG cache:45 - TemplateLoader.findTemplateSource("category-view/category-view_en.ftl"): Not found
2022-07-15 21:43:47 DEBUG cache:45 - TemplateLoader.findTemplateSource("category-view/category-view.ftl"): Found
2022-07-15 21:43:47 DEBUG cache:45 - Loading template for "category-view/category-view.ftl"("en", UTF-8, parsed) from "jar:file:/C:/Users/1274/.m2/repository/com/aventstack/extentreports/3.1.5/extentreports-3.1.5.jar!/com/aventstack/extentreports/view/html-report/category-view/category-view.ftl"
2022-07-15 21:43:47 DEBUG cache:45 - Couldn't find template in cache for "author-view/author-view.ftl"("en", UTF-8, parsed); will try to load it.
2022-07-15 21:43:47 DEBUG cache:45 - TemplateLoader.findTemplateSource("author-view/author-view_en.ftl"): Not found
2022-07-15 21:43:47 DEBUG cache:45 - TemplateLoader.findTemplateSource("author-view/author-view.ftl"): Found
2022-07-15 21:43:47 DEBUG cache:45 - Loading template for "author-view/author-view.ftl"("en", UTF-8, parsed) from "jar:file:/C:/Users/1274/.m2/repository/com/aventstack/extentreports/3.1.5/extentreports-3.1.5.jar!/com/aventstack/extentreports/view/html-report/author-view/author-view.ftl"
2022-07-15 21:43:47 DEBUG cache:45 - Couldn't find template in cache for "exception-view/exception-view.ftl"("en", UTF-8, parsed); will try to load it.
2022-07-15 21:43:47 DEBUG cache:45 - TemplateLoader.findTemplateSource("exception-view/exception-view_en.ftl"): Not found
2022-07-15 21:43:47 DEBUG cache:45 - TemplateLoader.findTemplateSource("exception-view/exception-view.ftl"): Found
2022-07-15 21:43:47 DEBUG cache:45 - Loading template for "exception-view/exception-view.ftl"("en", UTF-8, parsed) from "jar:file:/C:/Users/1274/.m2/repository/com/aventstack/extentreports/3.1.5/extentreports-3.1.5.jar!/com/aventstack/extentreports/view/html-report/exception-view/exception-view.ftl"
2022-07-15 21:43:47 DEBUG cache:45 - Couldn't find template in cache for "dashboard-view/dashboard-view.ftl"("en", UTF-8, parsed); will try to load it.
2022-07-15 21:43:47 DEBUG cache:45 - TemplateLoader.findTemplateSource("dashboard-view/dashboard-view_en.ftl"): Not found
2022-07-15 21:43:47 DEBUG cache:45 - TemplateLoader.findTemplateSource("dashboard-view/dashboard-view.ftl"): Found
2022-07-15 21:43:47 DEBUG cache:45 - Loading template for "dashboard-view/dashboard-view.ftl"("en", UTF-8, parsed) from "jar:file:/C:/Users/1274/.m2/repository/com/aventstack/extentreports/3.1.5/extentreports-3.1.5.jar!/com/aventstack/extentreports/view/html-report/dashboard-view/dashboard-view.ftl"
2022-07-15 21:43:47 DEBUG cache:45 - Couldn't find template in cache for "logs-view/testrunner-logs-view.ftl"("en", UTF-8, parsed); will try to load it.
2022-07-15 21:43:47 DEBUG cache:45 - TemplateLoader.findTemplateSource("logs-view/testrunner-logs-view_en.ftl"): Not found
2022-07-15 21:43:47 DEBUG cache:45 - TemplateLoader.findTemplateSource("logs-view/testrunner-logs-view.ftl"): Found
2022-07-15 21:43:47 DEBUG cache:45 - Loading template for "logs-view/testrunner-logs-view.ftl"("en", UTF-8, parsed) from "jar:file:/C:/Users/1274/.m2/repository/com/aventstack/extentreports/3.1.5/extentreports-3.1.5.jar!/com/aventstack/extentreports/view/html-report/logs-view/testrunner-logs-view.ftl"
2022-07-15 21:54:49 DEBUG cache:45 - Couldn't find template in cache for "index.ftl"("en", UTF-8, parsed); will try to load it.
2022-07-15 21:54:49 DEBUG cache:45 - TemplateLoader.findTemplateSource("index_en.ftl"): Not found
2022-07-15 21:54:49 DEBUG cache:45 - TemplateLoader.findTemplateSource("index.ftl"): Found
2022-07-15 21:54:49 DEBUG cache:45 - Loading template for "index.ftl"("en", UTF-8, parsed) from "jar:file:/C:/Users/1274/.m2/repository/com/aventstack/extentreports/3.1.5/extentreports-3.1.5.jar!/com/aventstack/extentreports/view/html-report/index.ftl"
2022-07-15 21:54:49 DEBUG cache:45 - Couldn't find template in cache for "head.ftl"("en", UTF-8, parsed); will try to load it.
2022-07-15 21:54:49 DEBUG cache:45 - TemplateLoader.findTemplateSource("head_en.ftl"): Not found
2022-07-15 21:54:49 DEBUG cache:45 - TemplateLoader.findTemplateSource("head.ftl"): Found
2022-07-15 21:54:49 DEBUG cache:45 - Loading template for "head.ftl"("en", UTF-8, parsed) from "jar:file:/C:/Users/1274/.m2/repository/com/aventstack/extentreports/3.1.5/extentreports-3.1.5.jar!/com/aventstack/extentreports/view/html-report/head.ftl"
2022-07-15 21:54:49 DEBUG cache:45 - Couldn't find template in cache for "nav.ftl"("en", UTF-8, parsed); will try to load it.
2022-07-15 21:54:49 DEBUG cache:45 - TemplateLoader.findTemplateSource("nav_en.ftl"): Not found
2022-07-15 21:54:49 DEBUG cache:45 - TemplateLoader.findTemplateSource("nav.ftl"): Found
2022-07-15 21:54:49 DEBUG cache:45 - Loading template for "nav.ftl"("en", UTF-8, parsed) from "jar:file:/C:/Users/1274/.m2/repository/com/aventstack/extentreports/3.1.5/extentreports-3.1.5.jar!/com/aventstack/extentreports/view/html-report/nav.ftl"
2022-07-15 21:54:49 DEBUG cache:45 - Couldn't find template in cache for "test-view/test-view.ftl"("en", UTF-8, parsed); will try to load it.
2022-07-15 21:54:49 DEBUG cache:45 - TemplateLoader.findTemplateSource("test-view/test-view_en.ftl"): Not found
2022-07-15 21:54:49 DEBUG cache:45 - TemplateLoader.findTemplateSource("test-view/test-view.ftl"): Found
2022-07-15 21:54:49 DEBUG cache:45 - Loading template for "test-view/test-view.ftl"("en", UTF-8, parsed) from "jar:file:/C:/Users/1274/.m2/repository/com/aventstack/extentreports/3.1.5/extentreports-3.1.5.jar!/com/aventstack/extentreports/view/html-report/test-view/test-view.ftl"
2022-07-15 21:54:49 DEBUG cache:45 - Couldn't find template in cache for "test-view/test-view-charts.ftl"("en", UTF-8, parsed); will try to load it.
2022-07-15 21:54:49 DEBUG cache:45 - TemplateLoader.findTemplateSource("test-view/test-view-charts_en.ftl"): Not found
2022-07-15 21:54:49 DEBUG cache:45 - TemplateLoader.findTemplateSource("test-view/test-view-charts.ftl"): Found
2022-07-15 21:54:49 DEBUG cache:45 - Loading template for "test-view/test-view-charts.ftl"("en", UTF-8, parsed) from "jar:file:/C:/Users/1274/.m2/repository/com/aventstack/extentreports/3.1.5/extentreports-3.1.5.jar!/com/aventstack/extentreports/view/html-report/test-view/test-view-charts.ftl"
2022-07-15 21:54:49 DEBUG cache:45 - Couldn't find template in cache for "test-view/standard.ftl"("en", UTF-8, parsed); will try to load it.
2022-07-15 21:54:49 DEBUG cache:45 - TemplateLoader.findTemplateSource("test-view/standard_en.ftl"): Not found
2022-07-15 21:54:49 DEBUG cache:45 - TemplateLoader.findTemplateSource("test-view/standard.ftl"): Found
2022-07-15 21:54:49 DEBUG cache:45 - Loading template for "test-view/standard.ftl"("en", UTF-8, parsed) from "jar:file:/C:/Users/1274/.m2/repository/com/aventstack/extentreports/3.1.5/extentreports-3.1.5.jar!/com/aventstack/extentreports/view/html-report/test-view/standard.ftl"
2022-07-15 21:54:49 DEBUG cache:45 - "test-view/standard.ftl"("en", UTF-8, parsed) cached copy not yet stale; using cached.
2022-07-15 21:54:49 DEBUG cache:45 - "test-view/standard.ftl"("en", UTF-8, parsed) cached copy not yet stale; using cached.
2022-07-15 21:54:49 DEBUG cache:45 - "test-view/standard.ftl"("en", UTF-8, parsed) cached copy not yet stale; using cached.
2022-07-15 21:54:49 DEBUG cache:45 - Couldn't find template in cache for "category-view/category-view.ftl"("en", UTF-8, parsed); will try to load it.
2022-07-15 21:54:49 DEBUG cache:45 - TemplateLoader.findTemplateSource("category-view/category-view_en.ftl"): Not found
2022-07-15 21:54:49 DEBUG cache:45 - TemplateLoader.findTemplateSource("category-view/category-view.ftl"): Found
2022-07-15 21:54:49 DEBUG cache:45 - Loading template for "category-view/category-view.ftl"("en", UTF-8, parsed) from "jar:file:/C:/Users/1274/.m2/repository/com/aventstack/extentreports/3.1.5/extentreports-3.1.5.jar!/com/aventstack/extentreports/view/html-report/category-view/category-view.ftl"
2022-07-15 21:54:49 DEBUG cache:45 - Couldn't find template in cache for "author-view/author-view.ftl"("en", UTF-8, parsed); will try to load it.
2022-07-15 21:54:49 DEBUG cache:45 - TemplateLoader.findTemplateSource("author-view/author-view_en.ftl"): Not found
2022-07-15 21:54:49 DEBUG cache:45 - TemplateLoader.findTemplateSource("author-view/author-view.ftl"): Found
2022-07-15 21:54:49 DEBUG cache:45 - Loading template for "author-view/author-view.ftl"("en", UTF-8, parsed) from "jar:file:/C:/Users/1274/.m2/repository/com/aventstack/extentreports/3.1.5/extentreports-3.1.5.jar!/com/aventstack/extentreports/view/html-report/author-view/author-view.ftl"
2022-07-15 21:54:49 DEBUG cache:45 - Couldn't find template in cache for "exception-view/exception-view.ftl"("en", UTF-8, parsed); will try to load it.
2022-07-15 21:54:49 DEBUG cache:45 - TemplateLoader.findTemplateSource("exception-view/exception-view_en.ftl"): Not found
2022-07-15 21:54:49 DEBUG cache:45 - TemplateLoader.findTemplateSource("exception-view/exception-view.ftl"): Found
2022-07-15 21:54:49 DEBUG cache:45 - Loading template for "exception-view/exception-view.ftl"("en", UTF-8, parsed) from "jar:file:/C:/Users/1274/.m2/repository/com/aventstack/extentreports/3.1.5/extentreports-3.1.5.jar!/com/aventstack/extentreports/view/html-report/exception-view/exception-view.ftl"
2022-07-15 21:54:49 DEBUG cache:45 - Couldn't find template in cache for "dashboard-view/dashboard-view.ftl"("en", UTF-8, parsed); will try to load it.
2022-07-15 21:54:49 DEBUG cache:45 - TemplateLoader.findTemplateSource("dashboard-view/dashboard-view_en.ftl"): Not found
2022-07-15 21:54:49 DEBUG cache:45 - TemplateLoader.findTemplateSource("dashboard-view/dashboard-view.ftl"): Found
2022-07-15 21:54:49 DEBUG cache:45 - Loading template for "dashboard-view/dashboard-view.ftl"("en", UTF-8, parsed) from "jar:file:/C:/Users/1274/.m2/repository/com/aventstack/extentreports/3.1.5/extentreports-3.1.5.jar!/com/aventstack/extentreports/view/html-report/dashboard-view/dashboard-view.ftl"
2022-07-15 21:54:49 DEBUG cache:45 - Couldn't find template in cache for "logs-view/testrunner-logs-view.ftl"("en", UTF-8, parsed); will try to load it.
2022-07-15 21:54:49 DEBUG cache:45 - TemplateLoader.findTemplateSource("logs-view/testrunner-logs-view_en.ftl"): Not found
2022-07-15 21:54:49 DEBUG cache:45 - TemplateLoader.findTemplateSource("logs-view/testrunner-logs-view.ftl"): Found
2022-07-15 21:54:49 DEBUG cache:45 - Loading template for "logs-view/testrunner-logs-view.ftl"("en", UTF-8, parsed) from "jar:file:/C:/Users/1274/.m2/repository/com/aventstack/extentreports/3.1.5/extentreports-3.1.5.jar!/com/aventstack/extentreports/view/html-report/logs-view/testrunner-logs-view.ftl"
